# JRE version: OpenJDK Runtime Environment Temurin-21.0.12.1+1 (21.0.12.1+1) (build 21.0.12.1+1-LTS)
# Java VM: OpenJDK 64-Bit Server VM Temurin-21.0.12.1+1 (21.0.12.1+1-LTS, mixed mode, sharing, tiered, compressed oops, compressed class ptrs, parallel gc, windows-amd64)
GC Precious Log:
 CardTable entry size: 512
 CPUs: 4 total, 4 available
 Memory: 3070M
 Large Page Support: Disabled
 NUMA Support: Disabled
 Compressed Oops: Enabled (32-bit)
 Alignments: Space 512K, Generation 512K, Heap 2M
 Heap Min Capacity: 100M
 Heap Initial Capacity: 100M
 Heap Max Capacity: 2G
 Pre-touch: Disabled
 Parallel Workers: 4
Heap:
 PSYoungGen      total 3072K, used 1323K [0x00000000d5580000, 0x00000000d5b80000, 0x0000000100000000)
  eden space 2560K, 47% used [0x00000000d5580000,0x00000000d56b2ea8,0x00000000d5800000)
  from space 512K, 18% used [0x00000000d5900000,0x00000000d5918000,0x00000000d5980000)
  to   space 1024K, 0% used [0x00000000d5a80000,0x00000000d5a80000,0x00000000d5b80000)
 ParOldGen       total 449024K, used 448568K [0x0000000080000000, 0x000000009b680000, 0x00000000d5580000)
  object space 449024K, 99% used [0x0000000080000000,0x000000009b60e1f8,0x000000009b680000)
 Metaspace       used 65597K, committed 67072K, reserved 1114112K
  class space    used 6979K, committed 7616K, reserved 1048576K
GC Heap History (20 events):
Event: 36.653 GC heap before
{Heap before GC invocations=469 (full 3):
 PSYoungGen      total 3584K, used 3418K [0x00000000d5580000, 0x00000000d5b00000, 0x0000000100000000)
  eden space 2560K, 99% used [0x00000000d5580000,0x00000000d57ffff8,0x00000000d5800000)
  from space 1024K, 83% used [0x00000000d5800000,0x00000000d58d6a30,0x00000000d5900000)
  to   space 1536K, 0% used [0x00000000d5980000,0x00000000d5980000,0x00000000d5b00000)
 ParOldGen       total 439808K, used 439389K [0x0000000080000000, 0x000000009ad80000, 0x00000000d5580000)
  object space 439808K, 99% used [0x0000000080000000,0x000000009ad175d0,0x000000009ad80000)
 Metaspace       used 64616K, committed 66176K, reserved 1114112K
  class space    used 6895K, committed 7552K, reserved 1048576K
}
Event: 36.656 GC heap after
{Heap after GC invocations=469 (full 3):
 PSYoungGen      total 4096K, used 1224K [0x00000000d5580000, 0x00000000d5b00000, 0x0000000100000000)
  eden space 2560K, 0% used [0x00000000d5580000,0x00000000d5580000,0x00000000d5800000)
  from space 1536K, 79% used [0x00000000d5980000,0x00000000d5ab2388,0x00000000d5b00000)
  to   space 1536K, 0% used [0x00000000d5800000,0x00000000d5800000,0x00000000d5980000)
 ParOldGen       total 440320K, used 440134K [0x0000000080000000, 0x000000009ae00000, 0x00000000d5580000)
  object space 440320K, 99% used [0x0000000080000000,0x000000009add1bc0,0x000000009ae00000)
 Metaspace       used 64616K, committed 66176K, reserved 1114112K
  class space    used 6895K, committed 7552K, reserved 1048576K
}
Event: 36.686 GC heap before
{Heap before GC invocations=470 (full 3):
 PSYoungGen      total 4096K, used 3784K [0x00000000d5580000, 0x00000000d5b00000, 0x0000000100000000)
  eden space 2560K, 100% used [0x00000000d5580000,0x00000000d5800000,0x00000000d5800000)
  from space 1536K, 79% used [0x00000000d5980000,0x00000000d5ab2388,0x00000000d5b00000)
  to   space 1536K, 0% used [0x00000000d5800000,0x00000000d5800000,0x00000000d5980000)
 ParOldGen       total 440320K, used 440134K [0x0000000080000000, 0x000000009ae00000, 0x00000000d5580000)
  object space 440320K, 99% used [0x0000000080000000,0x000000009add1bc0,0x000000009ae00000)
 Metaspace       used 64655K, committed 66176K, reserved 1114112K
  class space    used 6897K, committed 7552K, reserved 1048576K
}
Event: 36.694 GC heap after
{Heap after GC invocations=470 (full 3):
 PSYoungGen      total 3584K, used 576K [0x00000000d5580000, 0x00000000d5a00000, 0x0000000100000000)
  eden space 2560K, 0% used [0x00000000d5580000,0x00000000d5580000,0x00000000d5800000)
  from space 1024K, 56% used [0x00000000d5800000,0x00000000d5890000,0x00000000d5900000)
  to   space 1024K, 0% used [0x00000000d5900000,0x00000000d5900000,0x00000000d5a00000)
 ParOldGen       total 441344K, used 441260K [0x0000000080000000, 0x000000009af00000, 0x00000000d5580000)
  object space 441344K, 99% used [0x0000000080000000,0x000000009aeeb2c8,0x000000009af00000)
 Metaspace       used 64655K, committed 66176K, reserved 1114112K
  class space    used 6897K, committed 7552K, reserved 1048576K
}
Event: 36.712 GC heap before
{Heap before GC invocations=471 (full 3):
 PSYoungGen      total 3584K, used 3136K [0x00000000d5580000, 0x00000000d5a00000, 0x0000000100000000)
  eden space 2560K, 100% used [0x00000000d5580000,0x00000000d5800000,0x00000000d5800000)
  from space 1024K, 56% used [0x00000000d5800000,0x00000000d5890000,0x00000000d5900000)
  to   space 1024K, 0% used [0x00000000d5900000,0x00000000d5900000,0x00000000d5a00000)
 ParOldGen       total 441344K, used 441260K [0x0000000080000000, 0x000000009af00000, 0x00000000d5580000)
  object space 441344K, 99% used [0x0000000080000000,0x000000009aeeb2c8,0x000000009af00000)
 Metaspace       used 64679K, committed 66240K, reserved 1114112K
  class space    used 6898K, committed 7552K, reserved 1048576K
}
Event: 36.714 GC heap after
{Heap after GC invocations=471 (full 3):
 PSYoungGen      total 3584K, used 794K [0x00000000d5580000, 0x00000000d5a00000, 0x0000000100000000)
  eden space 2560K, 0% used [0x00000000d5580000,0x00000000d5580000,0x00000000d5800000)
  from space 1024K, 77% used [0x00000000d5900000,0x00000000d59c6a30,0x00000000d5a00000)
  to   space 1024K, 0% used [0x00000000d5800000,0x00000000d5800000,0x00000000d5900000)
 ParOldGen       total 441856K, used 441736K [0x0000000080000000, 0x000000009af80000, 0x00000000d5580000)
  object space 441856K, 99% used [0x0000000080000000,0x000000009af622d8,0x000000009af80000)
 Metaspace       used 64679K, committed 66240K, reserved 1114112K
  class space    used 6898K, committed 7552K, reserved 1048576K
}
Event: 36.737 GC heap before
{Heap before GC invocations=472 (full 3):
 PSYoungGen      total 3584K, used 3354K [0x00000000d5580000, 0x00000000d5a00000, 0x0000000100000000)
  eden space 2560K, 100% used [0x00000000d5580000,0x00000000d5800000,0x00000000d5800000)
  from space 1024K, 77% used [0x00000000d5900000,0x00000000d59c6a30,0x00000000d5a00000)
  to   space 1024K, 0% used [0x00000000d5800000,0x00000000d5800000,0x00000000d5900000)
 ParOldGen       total 441856K, used 441736K [0x0000000080000000, 0x000000009af80000, 0x00000000d5580000)
  object space 441856K, 99% used [0x0000000080000000,0x000000009af622d8,0x000000009af80000)
 Metaspace       used 64729K, committed 66240K, reserved 1114112K
  class space    used 6899K, committed 7552K, reserved 1048576K
}
Event: 36.739 GC heap after
{Heap after GC invocations=472 (full 3):
 PSYoungGen      total 3584K, used 922K [0x00000000d5580000, 0x00000000d5a00000, 0x0000000100000000)
  eden space 2560K, 0% used [0x00000000d5580000,0x00000000d5580000,0x00000000d5800000)
  from space 1024K, 90% used [0x00000000d5800000,0x00000000d58e6a30,0x00000000d5900000)
  to   space 1024K, 0% used [0x00000000d5900000,0x00000000d5900000,0x00000000d5a00000)
 ParOldGen       total 442880K, used 442501K [0x0000000080000000, 0x000000009b080000, 0x00000000d5580000)
  object space 442880K, 99% used [0x0000000080000000,0x000000009b021448,0x000000009b080000)
 Metaspace       used 64729K, committed 66240K, reserved 1114112K
  class space    used 6899K, committed 7552K, reserved 1048576K
}
Event: 36.794 GC heap before
{Heap before GC invocations=473 (full 3):
 PSYoungGen      total 3584K, used 3482K [0x00000000d5580000, 0x00000000d5a00000, 0x0000000100000000)
  eden space 2560K, 100% used [0x00000000d5580000,0x00000000d5800000,0x00000000d5800000)
  from space 1024K, 90% used [0x00000000d5800000,0x00000000d58e6a30,0x00000000d5900000)
  to   space 1024K, 0% used [0x00000000d5900000,0x00000000d5900000,0x00000000d5a00000)
 ParOldGen       total 442880K, used 442501K [0x0000000080000000, 0x000000009b080000, 0x00000000d5580000)
  object space 442880K, 99% used [0x0000000080000000,0x000000009b021448,0x000000009b080000)
 Metaspace       used 64824K, committed 66368K, reserved 1114112K
  class space    used 6901K, committed 7552K, reserved 1048576K
}
Event: 36.798 GC heap after
{Heap after GC invocations=473 (full 3):
 PSYoungGen      total 3584K, used 794K [0x00000000d5580000, 0x00000000d5a00000, 0x0000000100000000)
  eden space 2560K, 0% used [0x00000000d5580000,0x00000000d5580000,0x00000000d5800000)
  from space 1024K, 77% used [0x00000000d5900000,0x00000000d59c6be0,0x00000000d5a00000)
  to   space 1024K, 0% used [0x00000000d5800000,0x00000000d5800000,0x00000000d5900000)
 ParOldGen       total 443392K, used 443337K [0x0000000080000000, 0x000000009b100000, 0x00000000d5580000)
  object space 443392K, 99% used [0x0000000080000000,0x000000009b0f25b8,0x000000009b100000)
 Metaspace       used 64824K, committed 66368K, reserved 1114112K
  class space    used 6901K, committed 7552K, reserved 1048576K
}
Event: 36.854 GC heap before
{Heap before GC invocations=474 (full 3):
 PSYoungGen      total 3584K, used 3345K [0x00000000d5580000, 0x00000000d5a00000, 0x0000000100000000)
  eden space 2560K, 99% used [0x00000000d5580000,0x00000000d57fdbf8,0x00000000d5800000)
  from space 1024K, 77% used [0x00000000d5900000,0x00000000d59c6be0,0x00000000d5a00000)
  to   space 1024K, 0% used [0x00000000d5800000,0x00000000d5800000,0x00000000d5900000)
 ParOldGen       total 443392K, used 443337K [0x0000000080000000, 0x000000009b100000, 0x00000000d5580000)
  object space 443392K, 99% used [0x0000000080000000,0x000000009b0f25b8,0x000000009b100000)
 Metaspace       used 65092K, committed 66624K, reserved 1114112K
  class space    used 6919K, committed 7552K, reserved 1048576K
}
Event: 36.856 GC heap after
{Heap after GC invocations=474 (full 3):
 PSYoungGen      total 3584K, used 700K [0x00000000d5580000, 0x00000000d5a00000, 0x0000000100000000)
  eden space 2560K, 0% used [0x00000000d5580000,0x00000000d5580000,0x00000000d5800000)
  from space 1024K, 68% used [0x00000000d5800000,0x00000000d58af380,0x00000000d5900000)
  to   space 1024K, 0% used [0x00000000d5900000,0x00000000d5900000,0x00000000d5a00000)
 ParOldGen       total 444416K, used 444049K [0x0000000080000000, 0x000000009b200000, 0x00000000d5580000)
  object space 444416K, 99% used [0x0000000080000000,0x000000009b1a45b8,0x000000009b200000)
 Metaspace       used 65092K, committed 66624K, reserved 1114112K
  class space    used 6919K, committed 7552K, reserved 1048576K
}
Event: 36.916 GC heap before
{Heap before GC invocations=475 (full 3):
 PSYoungGen      total 3584K, used 3256K [0x00000000d5580000, 0x00000000d5a00000, 0x0000000100000000)
  eden space 2560K, 99% used [0x00000000d5580000,0x00000000d57fedf0,0x00000000d5800000)
  from space 1024K, 68% used [0x00000000d5800000,0x00000000d58af380,0x00000000d5900000)
  to   space 1024K, 0% used [0x00000000d5900000,0x00000000d5900000,0x00000000d5a00000)
 ParOldGen       total 444416K, used 444049K [0x0000000080000000, 0x000000009b200000, 0x00000000d5580000)
  object space 444416K, 99% used [0x0000000080000000,0x000000009b1a45b8,0x000000009b200000)
 Metaspace       used 65312K, committed 66880K, reserved 1114112K
  class space    used 6941K, committed 7616K, reserved 1048576K
}
Event: 36.919 GC heap after
{Heap after GC invocations=475 (full 3):
 PSYoungGen      total 3072K, used 256K [0x00000000d5580000, 0x00000000d5980000, 0x0000000100000000)
  eden space 2560K, 0% used [0x00000000d5580000,0x00000000d5580000,0x00000000d5800000)
  from space 512K, 50% used [0x00000000d5900000,0x00000000d5940020,0x00000000d5980000)
  to   space 512K, 0% used [0x00000000d5880000,0x00000000d5880000,0x00000000d5900000)
 ParOldGen       total 444928K, used 444593K [0x0000000080000000, 0x000000009b280000, 0x00000000d5580000)
  object space 444928K, 99% used [0x0000000080000000,0x000000009b22c5e8,0x000000009b280000)
 Metaspace       used 65312K, committed 66880K, reserved 1114112K
  class space    used 6941K, committed 7616K, reserved 1048576K
}
Event: 36.945 GC heap before
{Heap before GC invocations=476 (full 3):
 PSYoungGen      total 3072K, used 2816K [0x00000000d5580000, 0x00000000d5980000, 0x0000000100000000)
  eden space 2560K, 99% used [0x00000000d5580000,0x00000000d57ffff8,0x00000000d5800000)
  from space 512K, 50% used [0x00000000d5900000,0x00000000d5940020,0x00000000d5980000)
  to   space 512K, 0% used [0x00000000d5880000,0x00000000d5880000,0x00000000d5900000)
 ParOldGen       total 444928K, used 444593K [0x0000000080000000, 0x000000009b280000, 0x00000000d5580000)
  object space 444928K, 99% used [0x0000000080000000,0x000000009b22c5e8,0x000000009b280000)
 Metaspace       used 65342K, committed 66880K, reserved 1114112K
  class space    used 6948K, committed 7616K, reserved 1048576K
}
Event: 36.949 GC heap after
{Heap after GC invocations=476 (full 3):
 PSYoungGen      total 3072K, used 497K [0x00000000d5580000, 0x00000000d5e00000, 0x0000000100000000)
  eden space 2560K, 0% used [0x00000000d5580000,0x00000000d5580000,0x00000000d5800000)
  from space 512K, 97% used [0x00000000d5880000,0x00000000d58fc740,0x00000000d5900000)
  to   space 3072K, 0% used [0x00000000d5b00000,0x00000000d5b00000,0x00000000d5e00000)
 ParOldGen       total 446464K, used 446350K [0x0000000080000000, 0x000000009b400000, 0x00000000d5580000)
  object space 446464K, 99% used [0x0000000080000000,0x000000009b3e3ab8,0x000000009b400000)
 Metaspace       used 65342K, committed 66880K, reserved 1114112K
  class space    used 6948K, committed 7616K, reserved 1048576K
}
Event: 36.998 GC heap before
{Heap before GC invocations=477 (full 3):
 PSYoungGen      total 3072K, used 3057K [0x00000000d5580000, 0x00000000d5e00000, 0x0000000100000000)
  eden space 2560K, 100% used [0x00000000d5580000,0x00000000d5800000,0x00000000d5800000)
  from space 512K, 97% used [0x00000000d5880000,0x00000000d58fc740,0x00000000d5900000)
  to   space 3072K, 0% used [0x00000000d5b00000,0x00000000d5b00000,0x00000000d5e00000)
 ParOldGen       total 446464K, used 446350K [0x0000000080000000, 0x000000009b400000, 0x00000000d5580000)
  object space 446464K, 99% used [0x0000000080000000,0x000000009b3e3ab8,0x000000009b400000)
 Metaspace       used 65377K, committed 66880K, reserved 1114112K
  class space    used 6950K, committed 7616K, reserved 1048576K
}
Event: 37.002 GC heap after
{Heap after GC invocations=477 (full 3):
 PSYoungGen      total 4608K, used 1792K [0x00000000d5580000, 0x00000000d5d00000, 0x0000000100000000)
  eden space 2560K, 0% used [0x00000000d5580000,0x00000000d5580000,0x00000000d5800000)
  from space 2048K, 87% used [0x00000000d5b00000,0x00000000d5cc0000,0x00000000d5d00000)
  to   space 2048K, 0% used [0x00000000d5900000,0x00000000d5900000,0x00000000d5b00000)
 ParOldGen       total 446976K, used 446848K [0x0000000080000000, 0x000000009b480000, 0x00000000d5580000)
  object space 446976K, 99% used [0x0000000080000000,0x000000009b4601f8,0x000000009b480000)
 Metaspace       used 65377K, committed 66880K, reserved 1114112K
  class space    used 6950K, committed 7616K, reserved 1048576K
}
Event: 56.565 GC heap before
{Heap before GC invocations=478 (full 3):
 PSYoungGen      total 4608K, used 4352K [0x00000000d5580000, 0x00000000d5d00000, 0x0000000100000000)
  eden space 2560K, 100% used [0x00000000d5580000,0x00000000d5800000,0x00000000d5800000)
  from space 2048K, 87% used [0x00000000d5b00000,0x00000000d5cc0000,0x00000000d5d00000)
  to   space 2048K, 0% used [0x00000000d5900000,0x00000000d5900000,0x00000000d5b00000)
 ParOldGen       total 446976K, used 446848K [0x0000000080000000, 0x000000009b480000, 0x00000000d5580000)
  object space 446976K, 99% used [0x0000000080000000,0x000000009b4601f8,0x000000009b480000)
 Metaspace       used 65521K, committed 67008K, reserved 1114112K
  class space    used 6969K, committed 7616K, reserved 1048576K
}
Event: 56.571 GC heap after
{Heap after GC invocations=478 (full 3):
 PSYoungGen      total 3072K, used 96K [0x00000000d5580000, 0x00000000d5b80000, 0x0000000100000000)
  eden space 2560K, 0% used [0x00000000d5580000,0x00000000d5580000,0x00000000d5800000)
  from space 512K, 18% used [0x00000000d5900000,0x00000000d5918000,0x00000000d5980000)
  to   space 1024K, 0% used [0x00000000d5a80000,0x00000000d5a80000,0x00000000d5b80000)
 ParOldGen       total 449024K, used 448568K [0x0000000080000000, 0x000000009b680000, 0x00000000d5580000)
  object space 449024K, 99% used [0x0000000080000000,0x000000009b60e1f8,0x000000009b680000)
 Metaspace       used 65521K, committed 67008K, reserved 1114112K
  class space    used 6969K, committed 7616K, reserved 1048576K
}

