# JRE version: OpenJDK Runtime Environment Temurin-21.0.12.1+1 (21.0.12.1+1) (build 21.0.12.1+1-LTS)
# Java VM: OpenJDK 64-Bit Server VM Temurin-21.0.12.1+1 (21.0.12.1+1-LTS, mixed mode, sharing, tiered, compressed oops, compressed class ptrs, parallel gc, windows-amd64)
GC Precious Log:
 CardTable entry size: 512
 CPUs: 4 total, 4 available
 Memory: 3070M
 Large Page Support: Disabled
 NUMA Support: Disabled
 Compressed Oops: Enabled (32-bit)
 Alignments: Space 512K, Generation 512K, Heap 2M
 Heap Min Capacity: 100M
 Heap Initial Capacity: 100M
 Heap Max Capacity: 2G
 Pre-touch: Disabled
 Parallel Workers: 4
Heap:
 PSYoungGen      total 2048K, used 1764K [0x00000000d5580000, 0x00000000d5900000, 0x0000000100000000)
  eden space 1536K, 81% used [0x00000000d5580000,0x00000000d56b9110,0x00000000d5700000)
  from space 512K, 100% used [0x00000000d5800000,0x00000000d5880000,0x00000000d5880000)
  to   space 512K, 0% used [0x00000000d5880000,0x00000000d5880000,0x00000000d5900000)
 ParOldGen       total 526848K, used 214569K [0x0000000080000000, 0x00000000a0280000, 0x00000000d5580000)
  object space 526848K, 40% used [0x0000000080000000,0x000000008d18a5e0,0x00000000a0280000)
 Metaspace       used 86636K, committed 88384K, reserved 1179648K
  class space    used 9269K, committed 10048K, reserved 1048576K
GC Heap History (20 events):
Event: 161.695 GC heap before
{Heap before GC invocations=818 (full 4):
 PSYoungGen      total 2560K, used 2544K [0x00000000d5580000, 0x00000000d5900000, 0x0000000100000000)
  eden space 2048K, 100% used [0x00000000d5580000,0x00000000d5780000,0x00000000d5780000)
  from space 512K, 96% used [0x00000000d5800000,0x00000000d587c010,0x00000000d5880000)
  to   space 512K, 0% used [0x00000000d5880000,0x00000000d5880000,0x00000000d5900000)
 ParOldGen       total 526848K, used 211664K [0x0000000080000000, 0x00000000a0280000, 0x00000000d5580000)
  object space 526848K, 40% used [0x0000000080000000,0x000000008ceb4170,0x00000000a0280000)
 Metaspace       used 86518K, committed 88320K, reserved 1179648K
  class space    used 9269K, committed 10048K, reserved 1048576K
}
Event: 161.699 GC heap after
{Heap after GC invocations=818 (full 4):
 PSYoungGen      total 2048K, used 490K [0x00000000d5580000, 0x00000000d5b00000, 0x0000000100000000)
  eden space 1536K, 0% used [0x00000000d5580000,0x00000000d5580000,0x00000000d5700000)
  from space 512K, 95% used [0x00000000d5880000,0x00000000d58faa20,0x00000000d5900000)
  to   space 1536K, 0% used [0x00000000d5700000,0x00000000d5700000,0x00000000d5880000)
 ParOldGen       total 526848K, used 212160K [0x0000000080000000, 0x00000000a0280000, 0x00000000d5580000)
  object space 526848K, 40% used [0x0000000080000000,0x000000008cf30190,0x00000000a0280000)
 Metaspace       used 86518K, committed 88320K, reserved 1179648K
  class space    used 9269K, committed 10048K, reserved 1048576K
}
Event: 161.739 GC heap before
{Heap before GC invocations=819 (full 4):
 PSYoungGen      total 2048K, used 2026K [0x00000000d5580000, 0x00000000d5b00000, 0x0000000100000000)
  eden space 1536K, 100% used [0x00000000d5580000,0x00000000d5700000,0x00000000d5700000)
  from space 512K, 95% used [0x00000000d5880000,0x00000000d58faa20,0x00000000d5900000)
  to   space 1536K, 0% used [0x00000000d5700000,0x00000000d5700000,0x00000000d5880000)
 ParOldGen       total 526848K, used 212160K [0x0000000080000000, 0x00000000a0280000, 0x00000000d5580000)
  object space 526848K, 40% used [0x0000000080000000,0x000000008cf30190,0x00000000a0280000)
 Metaspace       used 86524K, committed 88320K, reserved 1179648K
  class space    used 9269K, committed 10048K, reserved 1048576K
}
Event: 161.746 GC heap after
{Heap after GC invocations=819 (full 4):
 PSYoungGen      total 3072K, used 656K [0x00000000d5580000, 0x00000000d5980000, 0x0000000100000000)
  eden space 1536K, 0% used [0x00000000d5580000,0x00000000d5580000,0x00000000d5700000)
  from space 1536K, 42% used [0x00000000d5700000,0x00000000d57a4010,0x00000000d5880000)
  to   space 1024K, 0% used [0x00000000d5880000,0x00000000d5880000,0x00000000d5980000)
 ParOldGen       total 526848K, used 212668K [0x0000000080000000, 0x00000000a0280000, 0x00000000d5580000)
  object space 526848K, 40% used [0x0000000080000000,0x000000008cfaf2e0,0x00000000a0280000)
 Metaspace       used 86524K, committed 88320K, reserved 1179648K
  class space    used 9269K, committed 10048K, reserved 1048576K
}
Event: 163.152 GC heap before
{Heap before GC invocations=820 (full 4):
 PSYoungGen      total 3072K, used 2187K [0x00000000d5580000, 0x00000000d5980000, 0x0000000100000000)
  eden space 1536K, 99% used [0x00000000d5580000,0x00000000d56feda0,0x00000000d5700000)
  from space 1536K, 42% used [0x00000000d5700000,0x00000000d57a4010,0x00000000d5880000)
  to   space 1024K, 0% used [0x00000000d5880000,0x00000000d5880000,0x00000000d5980000)
 ParOldGen       total 526848K, used 212668K [0x0000000080000000, 0x00000000a0280000, 0x00000000d5580000)
  object space 526848K, 40% used [0x0000000080000000,0x000000008cfaf2e0,0x00000000a0280000)
 Metaspace       used 86541K, committed 88320K, reserved 1179648K
  class space    used 9269K, committed 10048K, reserved 1048576K
}
Event: 163.156 GC heap after
{Heap after GC invocations=820 (full 4):
 PSYoungGen      total 2560K, used 656K [0x00000000d5580000, 0x00000000d5980000, 0x0000000100000000)
  eden space 1536K, 0% used [0x00000000d5580000,0x00000000d5580000,0x00000000d5700000)
  from space 1024K, 64% used [0x00000000d5880000,0x00000000d5924010,0x00000000d5980000)
  to   space 1024K, 0% used [0x00000000d5780000,0x00000000d5780000,0x00000000d5880000)
 ParOldGen       total 526848K, used 213276K [0x0000000080000000, 0x00000000a0280000, 0x00000000d5580000)
  object space 526848K, 40% used [0x0000000080000000,0x000000008d047300,0x00000000a0280000)
 Metaspace       used 86541K, committed 88320K, reserved 1179648K
  class space    used 9269K, committed 10048K, reserved 1048576K
}
Event: 165.136 GC heap before
{Heap before GC invocations=821 (full 4):
 PSYoungGen      total 2560K, used 2192K [0x00000000d5580000, 0x00000000d5980000, 0x0000000100000000)
  eden space 1536K, 99% used [0x00000000d5580000,0x00000000d56ffff0,0x00000000d5700000)
  from space 1024K, 64% used [0x00000000d5880000,0x00000000d5924010,0x00000000d5980000)
  to   space 1024K, 0% used [0x00000000d5780000,0x00000000d5780000,0x00000000d5880000)
 ParOldGen       total 526848K, used 213276K [0x0000000080000000, 0x00000000a0280000, 0x00000000d5580000)
  object space 526848K, 40% used [0x0000000080000000,0x000000008d047300,0x00000000a0280000)
 Metaspace       used 86542K, committed 88320K, reserved 1179648K
  class space    used 9269K, committed 10048K, reserved 1048576K
}
Event: 165.141 GC heap after
{Heap after GC invocations=821 (full 4):
 PSYoungGen      total 2560K, used 64K [0x00000000d5580000, 0x00000000d5900000, 0x0000000100000000)
  eden space 1536K, 0% used [0x00000000d5580000,0x00000000d5580000,0x00000000d5700000)
  from space 1024K, 6% used [0x00000000d5780000,0x00000000d5790000,0x00000000d5880000)
  to   space 512K, 0% used [0x00000000d5880000,0x00000000d5880000,0x00000000d5900000)
 ParOldGen       total 526848K, used 213889K [0x0000000080000000, 0x00000000a0280000, 0x00000000d5580000)
  object space 526848K, 40% used [0x0000000080000000,0x000000008d0e05b0,0x00000000a0280000)
 Metaspace       used 86542K, committed 88320K, reserved 1179648K
  class space    used 9269K, committed 10048K, reserved 1048576K
}
Event: 165.200 GC heap before
{Heap before GC invocations=822 (full 4):
 PSYoungGen      total 2560K, used 1600K [0x00000000d5580000, 0x00000000d5900000, 0x0000000100000000)
  eden space 1536K, 100% used [0x00000000d5580000,0x00000000d5700000,0x00000000d5700000)
  from space 1024K, 6% used [0x00000000d5780000,0x00000000d5790000,0x00000000d5880000)
  to   space 512K, 0% used [0x00000000d5880000,0x00000000d5880000,0x00000000d5900000)
 ParOldGen       total 526848K, used 213889K [0x0000000080000000, 0x00000000a0280000, 0x00000000d5580000)
  object space 526848K, 40% used [0x0000000080000000,0x000000008d0e05b0,0x00000000a0280000)
 Metaspace       used 86551K, committed 88320K, reserved 1179648K
  class space    used 9269K, committed 10048K, reserved 1048576K
}
Event: 165.202 GC heap after
{Heap after GC invocations=822 (full 4):
 PSYoungGen      total 2048K, used 256K [0x00000000d5580000, 0x00000000d5900000, 0x0000000100000000)
  eden space 1536K, 0% used [0x00000000d5580000,0x00000000d5580000,0x00000000d5700000)
  from space 512K, 50% used [0x00000000d5880000,0x00000000d58c0000,0x00000000d5900000)
  to   space 512K, 0% used [0x00000000d5800000,0x00000000d5800000,0x00000000d5880000)
 ParOldGen       total 526848K, used 213913K [0x0000000080000000, 0x00000000a0280000, 0x00000000d5580000)
  object space 526848K, 40% used [0x0000000080000000,0x000000008d0e65b0,0x00000000a0280000)
 Metaspace       used 86551K, committed 88320K, reserved 1179648K
  class space    used 9269K, committed 10048K, reserved 1048576K
}
Event: 165.260 GC heap before
{Heap before GC invocations=823 (full 4):
 PSYoungGen      total 2048K, used 1788K [0x00000000d5580000, 0x00000000d5900000, 0x0000000100000000)
  eden space 1536K, 99% used [0x00000000d5580000,0x00000000d56ff0b0,0x00000000d5700000)
  from space 512K, 50% used [0x00000000d5880000,0x00000000d58c0000,0x00000000d5900000)
  to   space 512K, 0% used [0x00000000d5800000,0x00000000d5800000,0x00000000d5880000)
 ParOldGen       total 526848K, used 213913K [0x0000000080000000, 0x00000000a0280000, 0x00000000d5580000)
  object space 526848K, 40% used [0x0000000080000000,0x000000008d0e65b0,0x00000000a0280000)
 Metaspace       used 86553K, committed 88320K, reserved 1179648K
  class space    used 9269K, committed 10048K, reserved 1048576K
}
Event: 165.264 GC heap after
{Heap after GC invocations=823 (full 4):
 PSYoungGen      total 2048K, used 128K [0x00000000d5580000, 0x00000000d5900000, 0x0000000100000000)
  eden space 1536K, 0% used [0x00000000d5580000,0x00000000d5580000,0x00000000d5700000)
  from space 512K, 25% used [0x00000000d5800000,0x00000000d5820000,0x00000000d5880000)
  to   space 512K, 0% used [0x00000000d5880000,0x00000000d5880000,0x00000000d5900000)
 ParOldGen       total 526848K, used 213977K [0x0000000080000000, 0x00000000a0280000, 0x00000000d5580000)
  object space 526848K, 40% used [0x0000000080000000,0x000000008d0f65c0,0x00000000a0280000)
 Metaspace       used 86553K, committed 88320K, reserved 1179648K
  class space    used 9269K, committed 10048K, reserved 1048576K
}
Event: 165.278 GC heap before
{Heap before GC invocations=824 (full 4):
 PSYoungGen      total 2048K, used 1661K [0x00000000d5580000, 0x00000000d5900000, 0x0000000100000000)
  eden space 1536K, 99% used [0x00000000d5580000,0x00000000d56ff538,0x00000000d5700000)
  from space 512K, 25% used [0x00000000d5800000,0x00000000d5820000,0x00000000d5880000)
  to   space 512K, 0% used [0x00000000d5880000,0x00000000d5880000,0x00000000d5900000)
 ParOldGen       total 526848K, used 213977K [0x0000000080000000, 0x00000000a0280000, 0x00000000d5580000)
  object space 526848K, 40% used [0x0000000080000000,0x000000008d0f65c0,0x00000000a0280000)
 Metaspace       used 86561K, committed 88320K, reserved 1179648K
  class space    used 9269K, committed 10048K, reserved 1048576K
}
Event: 165.280 GC heap after
{Heap after GC invocations=824 (full 4):
 PSYoungGen      total 2048K, used 496K [0x00000000d5580000, 0x00000000d5900000, 0x0000000100000000)
  eden space 1536K, 0% used [0x00000000d5580000,0x00000000d5580000,0x00000000d5700000)
  from space 512K, 96% used [0x00000000d5880000,0x00000000d58fc010,0x00000000d5900000)
  to   space 1024K, 0% used [0x00000000d5700000,0x00000000d5700000,0x00000000d5800000)
 ParOldGen       total 526848K, used 214025K [0x0000000080000000, 0x00000000a0280000, 0x00000000d5580000)
  object space 526848K, 40% used [0x0000000080000000,0x000000008d1025c0,0x00000000a0280000)
 Metaspace       used 86561K, committed 88320K, reserved 1179648K
  class space    used 9269K, committed 10048K, reserved 1048576K
}
Event: 165.310 GC heap before
{Heap before GC invocations=825 (full 4):
 PSYoungGen      total 2048K, used 2032K [0x00000000d5580000, 0x00000000d5900000, 0x0000000100000000)
  eden space 1536K, 100% used [0x00000000d5580000,0x00000000d5700000,0x00000000d5700000)
  from space 512K, 96% used [0x00000000d5880000,0x00000000d58fc010,0x00000000d5900000)
  to   space 1024K, 0% used [0x00000000d5700000,0x00000000d5700000,0x00000000d5800000)
 ParOldGen       total 526848K, used 214025K [0x0000000080000000, 0x00000000a0280000, 0x00000000d5580000)
  object space 526848K, 40% used [0x0000000080000000,0x000000008d1025c0,0x00000000a0280000)
 Metaspace       used 86570K, committed 88320K, reserved 1179648K
  class space    used 9269K, committed 10048K, reserved 1048576K
}
Event: 165.314 GC heap after
{Heap after GC invocations=825 (full 4):
 PSYoungGen      total 2560K, used 128K [0x00000000d5580000, 0x00000000d5900000, 0x0000000100000000)
  eden space 1536K, 0% used [0x00000000d5580000,0x00000000d5580000,0x00000000d5700000)
  from space 1024K, 12% used [0x00000000d5700000,0x00000000d5720000,0x00000000d5800000)
  to   space 512K, 0% used [0x00000000d5880000,0x00000000d5880000,0x00000000d5900000)
 ParOldGen       total 526848K, used 214481K [0x0000000080000000, 0x00000000a0280000, 0x00000000d5580000)
  object space 526848K, 40% used [0x0000000080000000,0x000000008d1745d0,0x00000000a0280000)
 Metaspace       used 86570K, committed 88320K, reserved 1179648K
  class space    used 9269K, committed 10048K, reserved 1048576K
}
Event: 165.829 GC heap before
{Heap before GC invocations=826 (full 4):
 PSYoungGen      total 2560K, used 1664K [0x00000000d5580000, 0x00000000d5900000, 0x0000000100000000)
  eden space 1536K, 100% used [0x00000000d5580000,0x00000000d5700000,0x00000000d5700000)
  from space 1024K, 12% used [0x00000000d5700000,0x00000000d5720000,0x00000000d5800000)
  to   space 512K, 0% used [0x00000000d5880000,0x00000000d5880000,0x00000000d5900000)
 ParOldGen       total 526848K, used 214481K [0x0000000080000000, 0x00000000a0280000, 0x00000000d5580000)
  object space 526848K, 40% used [0x0000000080000000,0x000000008d1745d0,0x00000000a0280000)
 Metaspace       used 86572K, committed 88320K, reserved 1179648K
  class space    used 9269K, committed 10048K, reserved 1048576K
}
Event: 165.830 GC heap after
{Heap after GC invocations=826 (full 4):
 PSYoungGen      total 2048K, used 416K [0x00000000d5580000, 0x00000000d5900000, 0x0000000100000000)
  eden space 1536K, 0% used [0x00000000d5580000,0x00000000d5580000,0x00000000d5700000)
  from space 512K, 81% used [0x00000000d5880000,0x00000000d58e8000,0x00000000d5900000)
  to   space 512K, 0% used [0x00000000d5800000,0x00000000d5800000,0x00000000d5880000)
 ParOldGen       total 526848K, used 214529K [0x0000000080000000, 0x00000000a0280000, 0x00000000d5580000)
  object space 526848K, 40% used [0x0000000080000000,0x000000008d1805d0,0x00000000a0280000)
 Metaspace       used 86572K, committed 88320K, reserved 1179648K
  class space    used 9269K, committed 10048K, reserved 1048576K
}
Event: 165.840 GC heap before
{Heap before GC invocations=827 (full 4):
 PSYoungGen      total 2048K, used 1952K [0x00000000d5580000, 0x00000000d5900000, 0x0000000100000000)
  eden space 1536K, 100% used [0x00000000d5580000,0x00000000d5700000,0x00000000d5700000)
  from space 512K, 81% used [0x00000000d5880000,0x00000000d58e8000,0x00000000d5900000)
  to   space 512K, 0% used [0x00000000d5800000,0x00000000d5800000,0x00000000d5880000)
 ParOldGen       total 526848K, used 214529K [0x0000000080000000, 0x00000000a0280000, 0x00000000d5580000)
  object space 526848K, 40% used [0x0000000080000000,0x000000008d1805d0,0x00000000a0280000)
 Metaspace       used 86573K, committed 88320K, reserved 1179648K
  class space    used 9269K, committed 10048K, reserved 1048576K
}
Event: 165.841 GC heap after
{Heap after GC invocations=827 (full 4):
 PSYoungGen      total 2048K, used 512K [0x00000000d5580000, 0x00000000d5900000, 0x0000000100000000)
  eden space 1536K, 0% used [0x00000000d5580000,0x00000000d5580000,0x00000000d5700000)
  from space 512K, 100% used [0x00000000d5800000,0x00000000d5880000,0x00000000d5880000)
  to   space 512K, 0% used [0x00000000d5880000,0x00000000d5880000,0x00000000d5900000)
 ParOldGen       total 526848K, used 214569K [0x0000000080000000, 0x00000000a0280000, 0x00000000d5580000)
  object space 526848K, 40% used [0x0000000080000000,0x000000008d18a5e0,0x00000000a0280000)
 Metaspace       used 86573K, committed 88320K, reserved 1179648K
  class space    used 9269K, committed 10048K, reserved 1048576K
}

